<?xml version="1.0" encoding="UTF-8"?>
<coverage generated="1751585008940" clover="3.2.0">
  <project timestamp="1751585008940" name="All files">
    <metrics statements="113" coveredstatements="105" conditionals="34" coveredconditionals="28" methods="40" coveredmethods="38" elements="187" coveredelements="171" complexity="0" loc="113" ncloc="113" packages="4" files="9" classes="9"/>
    <package name="domain.entity">
      <metrics statements="86" coveredstatements="80" conditionals="30" coveredconditionals="26" methods="30" coveredmethods="28"/>
      <file name="address.ts" path="/home/gianverdum/projects/fullcycle/ddd/hands-on/src/domain/entity/address.ts">
        <metrics statements="19" coveredstatements="14" conditionals="8" coveredconditionals="4" methods="3" coveredmethods="2"/>
        <line num="1" count="1" type="stmt"/>
        <line num="3" count="1" type="stmt"/>
        <line num="4" count="1" type="stmt"/>
        <line num="5" count="1" type="stmt"/>
        <line num="6" count="1" type="stmt"/>
        <line num="9" count="1" type="stmt"/>
        <line num="10" count="1" type="stmt"/>
        <line num="11" count="1" type="stmt"/>
        <line num="12" count="1" type="stmt"/>
        <line num="13" count="1" type="stmt"/>
        <line num="17" count="1" type="cond" truecount="1" falsecount="1"/>
        <line num="18" count="0" type="stmt"/>
        <line num="20" count="1" type="cond" truecount="1" falsecount="1"/>
        <line num="21" count="0" type="stmt"/>
        <line num="23" count="1" type="cond" truecount="1" falsecount="1"/>
        <line num="24" count="0" type="stmt"/>
        <line num="26" count="1" type="cond" truecount="1" falsecount="1"/>
        <line num="27" count="0" type="stmt"/>
        <line num="32" count="0" type="stmt"/>
      </file>
      <file name="customer.ts" path="/home/gianverdum/projects/fullcycle/ddd/hands-on/src/domain/entity/customer.ts">
        <metrics statements="22" coveredstatements="22" conditionals="8" coveredconditionals="8" methods="11" coveredmethods="11"/>
        <line num="3" count="8" type="stmt"/>
        <line num="8" count="8" type="stmt"/>
        <line num="9" count="8" type="stmt"/>
        <line num="12" count="8" type="stmt"/>
        <line num="13" count="8" type="stmt"/>
        <line num="14" count="8" type="stmt"/>
        <line num="18" count="1" type="stmt"/>
        <line num="22" count="1" type="stmt"/>
        <line num="26" count="4" type="stmt"/>
        <line num="30" count="9" type="cond" truecount="2" falsecount="0"/>
        <line num="31" count="1" type="stmt"/>
        <line num="33" count="8" type="cond" truecount="2" falsecount="0"/>
        <line num="34" count="1" type="stmt"/>
        <line num="39" count="1" type="stmt"/>
        <line num="40" count="1" type="stmt"/>
        <line num="44" count="2" type="stmt"/>
        <line num="48" count="2" type="cond" truecount="4" falsecount="0"/>
        <line num="49" count="1" type="stmt"/>
        <line num="51" count="1" type="stmt"/>
        <line num="55" count="1" type="stmt"/>
        <line num="59" count="3" type="stmt"/>
        <line num="63" count="1" type="stmt"/>
      </file>
      <file name="order.ts" path="/home/gianverdum/projects/fullcycle/ddd/hands-on/src/domain/entity/order.ts">
        <metrics statements="17" coveredstatements="17" conditionals="8" coveredconditionals="8" methods="5" coveredmethods="5"/>
        <line num="3" count="8" type="stmt"/>
        <line num="7" count="8" type="stmt"/>
        <line num="11" count="8" type="stmt"/>
        <line num="12" count="8" type="stmt"/>
        <line num="13" count="8" type="stmt"/>
        <line num="14" count="8" type="stmt"/>
        <line num="15" count="8" type="stmt"/>
        <line num="19" count="8" type="cond" truecount="2" falsecount="0"/>
        <line num="20" count="1" type="stmt"/>
        <line num="22" count="7" type="cond" truecount="2" falsecount="0"/>
        <line num="23" count="1" type="stmt"/>
        <line num="25" count="6" type="cond" truecount="2" falsecount="0"/>
        <line num="26" count="1" type="stmt"/>
        <line num="28" count="7" type="cond" truecount="2" falsecount="0"/>
        <line num="29" count="1" type="stmt"/>
        <line num="31" count="4" type="stmt"/>
        <line num="35" count="15" type="stmt"/>
      </file>
      <file name="order_item.ts" path="/home/gianverdum/projects/fullcycle/ddd/hands-on/src/domain/entity/order_item.ts">
        <metrics statements="9" coveredstatements="8" conditionals="0" coveredconditionals="0" methods="4" coveredmethods="3"/>
        <line num="1" count="7" type="stmt"/>
        <line num="10" count="7" type="stmt"/>
        <line num="11" count="7" type="stmt"/>
        <line num="12" count="7" type="stmt"/>
        <line num="13" count="7" type="stmt"/>
        <line num="14" count="7" type="stmt"/>
        <line num="18" count="0" type="stmt"/>
        <line num="22" count="7" type="stmt"/>
        <line num="26" count="15" type="stmt"/>
      </file>
      <file name="product.ts" path="/home/gianverdum/projects/fullcycle/ddd/hands-on/src/domain/entity/product.ts">
        <metrics statements="19" coveredstatements="19" conditionals="6" coveredconditionals="6" methods="7" coveredmethods="7"/>
        <line num="1" count="16" type="stmt"/>
        <line num="8" count="16" type="stmt"/>
        <line num="9" count="16" type="stmt"/>
        <line num="10" count="16" type="stmt"/>
        <line num="11" count="16" type="stmt"/>
        <line num="15" count="23" type="cond" truecount="2" falsecount="0"/>
        <line num="16" count="1" type="stmt"/>
        <line num="18" count="22" type="cond" truecount="2" falsecount="0"/>
        <line num="19" count="1" type="stmt"/>
        <line num="21" count="21" type="cond" truecount="2" falsecount="0"/>
        <line num="22" count="1" type="stmt"/>
        <line num="24" count="20" type="stmt"/>
        <line num="28" count="7" type="stmt"/>
        <line num="32" count="8" type="stmt"/>
        <line num="36" count="17" type="stmt"/>
        <line num="40" count="5" type="stmt"/>
        <line num="41" count="5" type="stmt"/>
        <line num="45" count="2" type="stmt"/>
        <line num="46" count="2" type="stmt"/>
      </file>
    </package>
    <package name="domain.service">
      <metrics statements="13" coveredstatements="12" conditionals="2" coveredconditionals="1" methods="5" coveredmethods="5"/>
      <file name="order.service.ts" path="/home/gianverdum/projects/fullcycle/ddd/hands-on/src/domain/service/order.service.ts">
        <metrics statements="9" coveredstatements="8" conditionals="2" coveredconditionals="1" methods="3" coveredmethods="3"/>
        <line num="2" count="1" type="stmt"/>
        <line num="4" count="1" type="stmt"/>
        <line num="6" count="2" type="stmt"/>
        <line num="10" count="1" type="cond" truecount="1" falsecount="1"/>
        <line num="11" count="0" type="stmt"/>
        <line num="14" count="1" type="stmt"/>
        <line num="15" count="1" type="stmt"/>
        <line num="16" count="1" type="stmt"/>
        <line num="20" count="2" type="stmt"/>
      </file>
      <file name="product.service.ts" path="/home/gianverdum/projects/fullcycle/ddd/hands-on/src/domain/service/product.service.ts">
        <metrics statements="4" coveredstatements="4" conditionals="0" coveredconditionals="0" methods="2" coveredmethods="2"/>
        <line num="3" count="1" type="stmt"/>
        <line num="6" count="1" type="stmt"/>
        <line num="7" count="3" type="stmt"/>
        <line num="9" count="1" type="stmt"/>
      </file>
    </package>
    <package name="infrastructure.db.sequelize.model">
      <metrics statements="2" coveredstatements="2" conditionals="0" coveredconditionals="0" methods="0" coveredmethods="0"/>
      <file name="product.model.ts" path="/home/gianverdum/projects/fullcycle/ddd/hands-on/src/infrastructure/db/sequelize/model/product.model.ts">
        <metrics statements="2" coveredstatements="2" conditionals="0" coveredconditionals="0" methods="0" coveredmethods="0"/>
        <line num="1" count="1" type="stmt"/>
        <line num="7" count="16" type="stmt"/>
      </file>
    </package>
    <package name="infrastructure.repository">
      <metrics statements="12" coveredstatements="11" conditionals="2" coveredconditionals="1" methods="5" coveredmethods="5"/>
      <file name="product.repository.ts" path="/home/gianverdum/projects/fullcycle/ddd/hands-on/src/infrastructure/repository/product.repository.ts">
        <metrics statements="12" coveredstatements="11" conditionals="2" coveredconditionals="1" methods="5" coveredmethods="5"/>
        <line num="1" count="1" type="stmt"/>
        <line num="3" count="1" type="stmt"/>
        <line num="5" count="4" type="stmt"/>
        <line num="8" count="5" type="stmt"/>
        <line num="17" count="1" type="stmt"/>
        <line num="31" count="1" type="stmt"/>
        <line num="32" count="1" type="cond" truecount="1" falsecount="1"/>
        <line num="33" count="0" type="stmt"/>
        <line num="35" count="1" type="stmt"/>
        <line num="43" count="1" type="stmt"/>
        <line num="44" count="1" type="stmt"/>
        <line num="45" count="2" type="stmt"/>
      </file>
    </package>
  </project>
</coverage>
