TN:
SF:src/domain/event/@shared/event-dispatcher.ts
FN:8,(anonymous_1)
FN:12,(anonymous_2)
FN:18,(anonymous_3)
FN:26,(anonymous_4)
FN:29,(anonymous_5)
FNF:5
FNH:3
FNDA:2,(anonymous_1)
FNDA:1,(anonymous_2)
FNDA:0,(anonymous_3)
FNDA:1,(anonymous_4)
FNDA:0,(anonymous_5)
DA:5,1
DA:6,1
DA:9,2
DA:13,1
DA:14,1
DA:16,1
DA:19,0
DA:20,0
DA:21,0
DA:22,0
DA:27,1
DA:30,0
LF:12
LH:7
BRDA:13,0,0,1
BRDA:13,0,1,0
BRDA:19,1,0,0
BRDA:19,1,1,0
BRDA:21,2,0,0
BRDA:21,2,1,0
BRF:6
BRH:1
end_of_record
TN:
SF:src/domain/event/product/handler/send-email-when-product-is-created.handler.ts
FN:5,(anonymous_1)
FNF:1
FNH:0
FNDA:0,(anonymous_1)
DA:4,1
DA:6,0
LF:2
LH:1
BRF:0
BRH:0
end_of_record
