TN:
SF:src/entity/product.ts
FN:14,(anonymous_2)
FN:27,(anonymous_3)
FN:31,(anonymous_4)
FN:35,(anonymous_5)
FN:40,(anonymous_6)
FN:7,(anonymous_7)
FNF:6
FNH:4
FNDA:2,(anonymous_2)
FNDA:0,(anonymous_3)
FNDA:1,(anonymous_4)
FNDA:1,(anonymous_5)
FNDA:0,(anonymous_6)
FNDA:1,(anonymous_7)
DA:1,1
DA:3,1
DA:4,1
DA:5,1
DA:8,1
DA:9,1
DA:10,1
DA:11,1
DA:15,2
DA:16,0
DA:18,2
DA:19,0
DA:21,2
DA:22,0
DA:24,2
DA:28,0
DA:32,1
DA:36,1
DA:37,1
DA:41,0
DA:42,0
LF:21
LH:15
BRDA:15,0,0,0
BRDA:15,0,1,2
BRDA:18,1,0,0
BRDA:18,1,1,2
BRDA:21,2,0,0
BRDA:21,2,1,2
BRF:6
BRH:3
end_of_record
